[1223/212004.809:ERROR:directory_reader_win.cc(43)] FindFirstFile: The system cannot find the path specified. (0x3)
[1223/212004.839:ERROR:filesystem_win.cc(129)] GetFileAttributes C:\Users\Alahram\AppData\Local\Google\Chrome\User Data\Crashpad\attachments\23e99944-bcae-4be0-be15-0780ae89ba10: The system cannot find the path specified. (0x3)
[1223/212004.846:ERROR:filesystem_win.cc(129)] GetFileAttributes C:\Users\Alahram\AppData\Local\Google\Chrome\User Data\Crashpad\attachments\1501e3c1-7c0d-4ddf-9eb0-16a2849d3abe: The system cannot find the path specified. (0x3)
[1223/212004.854:ERROR:filesystem_win.cc(129)] GetFileAttributes C:\Users\Alahram\AppData\Local\Google\Chrome\User Data\Crashpad\attachments\1dce5e17-143e-4bd4-8e6a-a90b4bfa8e03: The system cannot find the path specified. (0x3)
[1223/212004.864:ERROR:filesystem_win.cc(129)] GetFileAttributes C:\Users\Alahram\AppData\Local\Google\Chrome\User Data\Crashpad\attachments\67a4c166-5047-4c9d-a72b-0c56af131426: The system cannot find the path specified. (0x3)
[1226/214450.172:ERROR:settings.cc(320)] Settings magic is not 1129342067
[1226/215450.316:ERROR:directory_reader_win.cc(43)] FindFirstFile: The system cannot find the path specified. (0x3)
[1226/215450.338:ERROR:filesystem_win.cc(129)] GetFileAttributes C:\Users\Alahram\AppData\Local\Google\Chrome\User Data\Crashpad\attachments\579fa1da-03a6-4e44-bd9c-8f59f2f7191e: The system cannot find the path specified. (0x3)
[1226/215450.345:ERROR:filesystem_win.cc(129)] GetFileAttributes C:\Users\Alahram\AppData\Local\Google\Chrome\User Data\Crashpad\attachments\bc90d353-e795-471a-9850-ccd04c4fbe37: The system cannot find the path specified. (0x3)
[1226/215450.351:ERROR:filesystem_win.cc(129)] GetFileAttributes C:\Users\Alahram\AppData\Local\Google\Chrome\User Data\Crashpad\attachments\87dce523-982e-40a1-80d4-f1da72a2c412: The system cannot find the path specified. (0x3)
[1226/215450.358:ERROR:filesystem_win.cc(129)] GetFileAttributes C:\Users\Alahram\AppData\Local\Google\Chrome\User Data\Crashpad\attachments\fea96fc1-b24c-4e85-adea-b870ccccc9d7: The system cannot find the path specified. (0x3)
[1226/215450.364:ERROR:filesystem_win.cc(129)] GetFileAttributes C:\Users\Alahram\AppData\Local\Google\Chrome\User Data\Crashpad\attachments\c6f96846-1b12-4c49-8ec8-dea5a948bb15: The system cannot find the path specified. (0x3)
[1226/215450.371:ERROR:filesystem_win.cc(129)] GetFileAttributes C:\Users\Alahram\AppData\Local\Google\Chrome\User Data\Crashpad\attachments\767366ea-44a6-409f-adce-7a7202709858: The system cannot find the path specified. (0x3)
[1226/215450.377:ERROR:filesystem_win.cc(129)] GetFileAttributes C:\Users\Alahram\AppData\Local\Google\Chrome\User Data\Crashpad\attachments\af44d88e-3ffd-4e91-9ee4-cd2d5defca88: The system cannot find the path specified. (0x3)
[1226/215450.383:ERROR:filesystem_win.cc(129)] GetFileAttributes C:\Users\Alahram\AppData\Local\Google\Chrome\User Data\Crashpad\attachments\d4be1b0d-84cc-4d5d-9831-c00b39ec6034: The system cannot find the path specified. (0x3)
[1226/215450.390:ERROR:filesystem_win.cc(129)] GetFileAttributes C:\Users\Alahram\AppData\Local\Google\Chrome\User Data\Crashpad\attachments\3fc9c652-a95a-4779-9887-723c3f8bd799: The system cannot find the path specified. (0x3)
[1226/215450.396:ERROR:filesystem_win.cc(129)] GetFileAttributes C:\Users\Alahram\AppData\Local\Google\Chrome\User Data\Crashpad\attachments\bff9327a-3eb4-4243-8c35-2da38fb9b5f0: The system cannot find the path specified. (0x3)
[1226/215450.402:ERROR:filesystem_win.cc(129)] GetFileAttributes C:\Users\Alahram\AppData\Local\Google\Chrome\User Data\Crashpad\attachments\816718cc-4929-486f-9e3e-5f5a6756157c: The system cannot find the path specified. (0x3)
[1226/215450.408:ERROR:filesystem_win.cc(129)] GetFileAttributes C:\Users\Alahram\AppData\Local\Google\Chrome\User Data\Crashpad\attachments\4671206f-ca2e-43a4-a861-3a00a1b24896: The system cannot find the path specified. (0x3)
[1226/215450.414:ERROR:filesystem_win.cc(129)] GetFileAttributes C:\Users\Alahram\AppData\Local\Google\Chrome\User Data\Crashpad\attachments\3807d7ea-57fd-459d-8749-dae3d4fbed43: The system cannot find the path specified. (0x3)
[1226/215450.420:ERROR:filesystem_win.cc(129)] GetFileAttributes C:\Users\Alahram\AppData\Local\Google\Chrome\User Data\Crashpad\attachments\00d0ffa1-9a2b-4862-a306-f065ccdf6634: The system cannot find the path specified. (0x3)
[1226/215450.427:ERROR:filesystem_win.cc(129)] GetFileAttributes C:\Users\Alahram\AppData\Local\Google\Chrome\User Data\Crashpad\attachments\c71e6680-a4ae-4231-8d0d-01ce591fa766: The system cannot find the path specified. (0x3)
[1226/215450.432:ERROR:filesystem_win.cc(129)] GetFileAttributes C:\Users\Alahram\AppData\Local\Google\Chrome\User Data\Crashpad\attachments\673be78d-acaf-4b59-add0-627166341dda: The system cannot find the path specified. (0x3)
[1227/194400.993:ERROR:directory_reader_win.cc(43)] FindFirstFile: The system cannot find the path specified. (0x3)
[1227/194401.042:ERROR:filesystem_win.cc(129)] GetFileAttributes C:\Users\Alahram\AppData\Local\Google\Chrome\User Data\Crashpad\attachments\f6779d72-331a-4536-a615-b20b045dcf1e: The system cannot find the path specified. (0x3)
[1227/194401.049:ERROR:filesystem_win.cc(129)] GetFileAttributes C:\Users\Alahram\AppData\Local\Google\Chrome\User Data\Crashpad\attachments\2ee26fc5-501b-4c52-b656-adb985d3ea9b: The system cannot find the path specified. (0x3)
[1227/194401.057:ERROR:filesystem_win.cc(129)] GetFileAttributes C:\Users\Alahram\AppData\Local\Google\Chrome\User Data\Crashpad\attachments\03d98fa3-c90a-4e0c-a75f-3bf10e051291: The system cannot find the path specified. (0x3)
[1227/194401.064:ERROR:filesystem_win.cc(129)] GetFileAttributes C:\Users\Alahram\AppData\Local\Google\Chrome\User Data\Crashpad\attachments\edc5caca-9bc6-4489-9d27-fb0012299d66: The system cannot find the path specified. (0x3)
[1227/194746.432:ERROR:directory_reader_win.cc(43)] FindFirstFile: The system cannot find the path specified. (0x3)
